<?xml version="1.0" encoding="UTF-8"?>
<testsuite xmlns:xsi="http://www.w3.org/2001/XMLSchema-instance" xsi:noNamespaceSchemaLocation="https://maven.apache.org/surefire/maven-surefire-plugin/xsd/surefire-test-report-3.0.xsd" version="3.0" name="CodeExamples.SourceCodeSimpleTest" time="0.046" tests="2" errors="0" skipped="0" failures="0">
  <properties>
[...]
</properties>
  <testcase name="testMethodWithANotEqualsOne" classname="CodeExamples.SourceCodeSimpleTest" time="0.027">
    <system-out><![CDATA[end of method
]]></system-out>
  </testcase>
  <testcase name="testMethodWithAEqualsOne" classname="CodeExamples.SourceCodeSimpleTest" time="0">
    <system-out><![CDATA[end of method
]]></system-out>
  </testcase>
</testsuite>